Instance: /dvfs_tunable_multiplier
Power Unit: W
PDB Frames: /stim#0/frame#0
  -------------------------------------------------------------------------
    Category         Leakage     Internal    Switching        Total    Row%
  -------------------------------------------------------------------------
      memory     0.00000e+00  0.00000e+00  0.00000e+00  0.00000e+00   0.00%
    register     3.97382e-08  7.05523e-04  5.81684e-05  7.63731e-04  63.31%
       latch     0.00000e+00  0.00000e+00  0.00000e+00  0.00000e+00   0.00%
       logic     3.13493e-08  2.62333e-04  1.26152e-04  3.88516e-04  32.20%
        bbox     0.00000e+00  0.00000e+00  0.00000e+00  0.00000e+00   0.00%
       clock     0.00000e+00  0.00000e+00  5.41676e-05  5.41676e-05   4.49%
         pad     0.00000e+00  0.00000e+00  0.00000e+00  0.00000e+00   0.00%
          pm     0.00000e+00  0.00000e+00  0.00000e+00  0.00000e+00   0.00%
  -------------------------------------------------------------------------
    Subtotal     7.10875e-08  9.67855e-04  2.38488e-04  1.20641e-03 100.00%
  Percentage           0.01%       80.23%       19.77%      100.00% 100.00%
  -------------------------------------------------------------------------
Instance: /dvfs_tunable_multiplier
Power Unit: W
PDB Frames: /stim#0/frame#0
  -------------------------------------------------------------------------
    Category         Leakage     Internal    Switching        Total    Row%
  -------------------------------------------------------------------------
      memory     0.00000e+00  0.00000e+00  0.00000e+00  0.00000e+00   0.00%
    register     3.97382e-08  7.05523e-04  5.81684e-05  7.63731e-04  63.31%
       latch     0.00000e+00  0.00000e+00  0.00000e+00  0.00000e+00   0.00%
       logic     3.13493e-08  2.62333e-04  1.26152e-04  3.88516e-04  32.20%
        bbox     0.00000e+00  0.00000e+00  0.00000e+00  0.00000e+00   0.00%
       clock     0.00000e+00  0.00000e+00  5.41676e-05  5.41676e-05   4.49%
         pad     0.00000e+00  0.00000e+00  0.00000e+00  0.00000e+00   0.00%
          pm     0.00000e+00  0.00000e+00  0.00000e+00  0.00000e+00   0.00%
  -------------------------------------------------------------------------
    Subtotal     7.10875e-08  9.67855e-04  2.38488e-04  1.20641e-03 100.00%
  Percentage           0.01%       80.23%       19.77%      100.00% 100.00%
  -------------------------------------------------------------------------
