============================================================
  Generated by:           Genus(TM) Synthesis Solution 21.14-s082_1
  Generated on:           Mar 20 2026  06:51:39 pm
  Module:                 dvfs_tunable_multiplier
  Technology library:     tsl18fs120_scl_ss 1
  Operating conditions:   _nominal_ (balanced_tree)
  Wireload mode:          enclosed
  Area mode:              timing library
============================================================

                              
  Gate    Instances    Area          Library       
---------------------------------------------------
ad01d1            1    59.580    tsl18fs120_scl_ss 
an02d1            3    47.040    tsl18fs120_scl_ss 
aoi221d1          1    25.090    tsl18fs120_scl_ss 
aoi22d1           5    94.100    tsl18fs120_scl_ss 
aoim21d1          2    37.640    tsl18fs120_scl_ss 
aon211d1          2    37.640    tsl18fs120_scl_ss 
aor222d1          7   263.410    tsl18fs120_scl_ss 
aor22d1          25   627.250    tsl18fs120_scl_ss 
cg01d0            1    28.220    tsl18fs120_scl_ss 
dfcrb1            6   432.780    tsl18fs120_scl_ss 
dfcrq1           19  1251.340    tsl18fs120_scl_ss 
dfnrq1           23  1370.340    tsl18fs120_scl_ss 
inv0d0            9    56.430    tsl18fs120_scl_ss 
mx02d1            8   200.720    tsl18fs120_scl_ss 
nd02d1           29   363.660    tsl18fs120_scl_ss 
nd03d1            1    15.680    tsl18fs120_scl_ss 
nd12d1            9   141.120    tsl18fs120_scl_ss 
nr02d1           11   137.940    tsl18fs120_scl_ss 
nr03d1            1    15.680    tsl18fs120_scl_ss 
oai211d1          1    18.820    tsl18fs120_scl_ss 
oai21d1           2    31.360    tsl18fs120_scl_ss 
oai22d1           4    75.280    tsl18fs120_scl_ss 
oai31d1           1    21.950    tsl18fs120_scl_ss 
oaim21d1          9   169.380    tsl18fs120_scl_ss 
oaim22d1         16   401.440    tsl18fs120_scl_ss 
oan211d1          3    56.460    tsl18fs120_scl_ss 
or02d0            4    62.720    tsl18fs120_scl_ss 
or02d1            4    62.720    tsl18fs120_scl_ss 
ora21d1           1    25.090    tsl18fs120_scl_ss 
---------------------------------------------------
total           208  6130.880                      


                                         
     Type      Instances   Area   Area % 
-----------------------------------------
sequential            48 3054.460   49.8 
inverter               9   56.430    0.9 
logic                151 3019.990   49.3 
physical_cells         0    0.000    0.0 
-----------------------------------------
total                208 6130.880  100.0 

============================================================
  Generated by:           Genus(TM) Synthesis Solution 21.14-s082_1
  Generated on:           Mar 22 2026  08:31:07 pm
  Module:                 dvfs_tunable_multiplier
  Technology library:     tsl18fs120_scl_ss 1
  Operating conditions:   _nominal_ (balanced_tree)
  Wireload mode:          enclosed
  Area mode:              timing library
============================================================

                              
  Gate    Instances    Area          Library       
---------------------------------------------------
ad01d1            1    59.580    tsl18fs120_scl_ss 
an02d1            3    47.040    tsl18fs120_scl_ss 
aoi221d1          1    25.090    tsl18fs120_scl_ss 
aoi22d1           5    94.100    tsl18fs120_scl_ss 
aoim21d1          2    37.640    tsl18fs120_scl_ss 
aon211d1          2    37.640    tsl18fs120_scl_ss 
aor222d1          7   263.410    tsl18fs120_scl_ss 
aor22d1          25   627.250    tsl18fs120_scl_ss 
cg01d0            1    28.220    tsl18fs120_scl_ss 
dfcrb1            6   432.780    tsl18fs120_scl_ss 
dfcrq1           19  1251.340    tsl18fs120_scl_ss 
dfnrq1           23  1370.340    tsl18fs120_scl_ss 
inv0d0            9    56.430    tsl18fs120_scl_ss 
mx02d1            8   200.720    tsl18fs120_scl_ss 
nd02d1           29   363.660    tsl18fs120_scl_ss 
nd03d1            1    15.680    tsl18fs120_scl_ss 
nd12d1            9   141.120    tsl18fs120_scl_ss 
nr02d1           11   137.940    tsl18fs120_scl_ss 
nr03d1            1    15.680    tsl18fs120_scl_ss 
oai211d1          1    18.820    tsl18fs120_scl_ss 
oai21d1           2    31.360    tsl18fs120_scl_ss 
oai22d1           4    75.280    tsl18fs120_scl_ss 
oai31d1           1    21.950    tsl18fs120_scl_ss 
oaim21d1          9   169.380    tsl18fs120_scl_ss 
oaim22d1         16   401.440    tsl18fs120_scl_ss 
oan211d1          3    56.460    tsl18fs120_scl_ss 
or02d0            4    62.720    tsl18fs120_scl_ss 
or02d1            4    62.720    tsl18fs120_scl_ss 
ora21d1           1    25.090    tsl18fs120_scl_ss 
---------------------------------------------------
total           208  6130.880                      


                                         
     Type      Instances   Area   Area % 
-----------------------------------------
sequential            48 3054.460   49.8 
inverter               9   56.430    0.9 
logic                151 3019.990   49.3 
physical_cells         0    0.000    0.0 
-----------------------------------------
total                208 6130.880  100.0 

