============================================================
  Generated by:           Genus(TM) Synthesis Solution 21.14-s082_1
  Generated on:           Mar 20 2026  06:51:39 pm
  Module:                 dvfs_tunable_multiplier
  Technology library:     tsl18fs120_scl_ss 1
  Operating conditions:   _nominal_ (balanced_tree)
  Wireload mode:          enclosed
  Area mode:              timing library
============================================================

         Pin                  Type     Fanout Load Slew Delay Arrival   
                                              (fF) (ps)  (ps)   (ps)    
------------------------------------------------------------------------
(clock clk)                  launch                                 0 R 
result_reg[0]/CP                                    100    +0       0 R 
result_reg[0]/Q              dfcrq1         4 10.7  161  +500     500 R 
add_73_46_g598__5122/A1                                    +0     500   
add_73_46_g598__5122/ZN      nd02d1         3  8.6  154  +110     610 F 
add_73_46_g585/I                                           +0     610   
add_73_46_g585/ZN            inv0d0         2  6.8  428  +246     856 R 
g3120/B1                                                   +0     856   
g3120/ZN                     oaim21d1       3 11.0  281  +273    1130 R 
add_73_46_g548__2346/A2                                    +0    1130   
add_73_46_g548__2346/ZN      nd12d1         1  3.1  107   +84    1214 F 
add_73_46_g546__9945/A1                                    +0    1214   
add_73_46_g546__9945/ZN      nd02d1         3 10.9  232  +133    1346 R 
add_73_46_g544__6161/A1                                    +0    1346   
add_73_46_g544__6161/Z       aor22d1        4 14.0  248  +246    1592 R 
add_73_46_g541__5115/A1                                    +0    1592   
add_73_46_g541__5115/ZN      nd03d1         1  2.9  148  +100    1693 F 
g3119/A                                                    +0    1693   
g3119/ZN                     oai211d1       3 11.0  359  +160    1853 R 
add_73_46_g538__7098/A2                                    +0    1853   
add_73_46_g538__7098/ZN      nd12d1         1  3.1  122   +91    1944 F 
add_73_46_g536__5122/A1                                    +0    1944   
add_73_46_g536__5122/ZN      nd02d1         3 10.2  222  +132    2076 R 
add_73_46_g2__8246/B1                                      +0    2076   
add_73_46_g2__8246/ZN        oaim21d1       3 11.0  280  +251    2326 R 
add_73_46_g533__2802/A2                                    +0    2326   
add_73_46_g533__2802/ZN      nd12d1         2  7.1  139  +108    2434 F 
g2/C2                                                      +0    2434   
g2/ZN                        aon211d1       3 10.2  461  +310    2745 R 
add_73_46_g527__4319/B1                                    +0    2745   
add_73_46_g527__4319/ZN      oaim21d1       3 10.2  268  +269    3014 R 
add_73_46_g525__5107/B1                                    +0    3014   
add_73_46_g525__5107/ZN      oaim21d1       3 10.2  266  +250    3264 R 
add_73_46_g523__5477/B1                                    +0    3264   
add_73_46_g523__5477/ZN      oaim21d1       3 10.2  266  +250    3514 R 
add_73_46_g521__7410/B1                                    +0    3514   
add_73_46_g521__7410/ZN      oaim21d1       1 12.7  308  +269    3783 R 
add_73_46_g520__1666/CI                                    +0    3783   
add_73_46_g520__1666/S       ad01d1         1  2.9  134  +490    4273 F 
g2965__2802/B1                                             +0    4273   
g2965__2802/Z                aor22d1        1  2.0   72  +237    4510 F 
result_reg[14]/D        <<<  dfcrq1                        +0    4510   
result_reg[14]/CP            setup                  100  +157    4667 R 
- - - - - - - - - - - - - - - - - - - - - - - - - - - - - - - - - - - - 
(clock clk)                  capture                             5000 R 
------------------------------------------------------------------------
Timing slack :     333ps 
Start-point  : result_reg[0]/CP
End-point    : result_reg[14]/D

============================================================
  Generated by:           Genus(TM) Synthesis Solution 21.14-s082_1
  Generated on:           Mar 22 2026  08:31:07 pm
  Module:                 dvfs_tunable_multiplier
  Technology library:     tsl18fs120_scl_ss 1
  Operating conditions:   _nominal_ (balanced_tree)
  Wireload mode:          enclosed
  Area mode:              timing library
============================================================

         Pin                  Type     Fanout Load Slew Delay Arrival   
                                              (fF) (ps)  (ps)   (ps)    
------------------------------------------------------------------------
(clock clk)                  launch                                 0 R 
result_reg[0]/CP                                    100    +0       0 R 
result_reg[0]/Q              dfcrq1         4 10.7  161  +500     500 R 
add_73_46_g598__5122/A1                                    +0     500   
add_73_46_g598__5122/ZN      nd02d1         3  8.6  154  +110     610 F 
add_73_46_g585/I                                           +0     610   
add_73_46_g585/ZN            inv0d0         2  6.8  428  +246     856 R 
g3120/B1                                                   +0     856   
g3120/ZN                     oaim21d1       3 11.0  281  +273    1130 R 
add_73_46_g548__2346/A2                                    +0    1130   
add_73_46_g548__2346/ZN      nd12d1         1  3.1  107   +84    1214 F 
add_73_46_g546__9945/A1                                    +0    1214   
add_73_46_g546__9945/ZN      nd02d1         3 10.9  232  +133    1346 R 
add_73_46_g544__6161/A1                                    +0    1346   
add_73_46_g544__6161/Z       aor22d1        4 14.0  248  +246    1592 R 
add_73_46_g541__5115/A1                                    +0    1592   
add_73_46_g541__5115/ZN      nd03d1         1  2.9  148  +100    1693 F 
g3119/A                                                    +0    1693   
g3119/ZN                     oai211d1       3 11.0  359  +160    1853 R 
add_73_46_g538__7098/A2                                    +0    1853   
add_73_46_g538__7098/ZN      nd12d1         1  3.1  122   +91    1944 F 
add_73_46_g536__5122/A1                                    +0    1944   
add_73_46_g536__5122/ZN      nd02d1         3 10.2  222  +132    2076 R 
add_73_46_g2__8246/B1                                      +0    2076   
add_73_46_g2__8246/ZN        oaim21d1       3 11.0  280  +251    2326 R 
add_73_46_g533__2802/A2                                    +0    2326   
add_73_46_g533__2802/ZN      nd12d1         2  7.1  139  +108    2434 F 
g2/C2                                                      +0    2434   
g2/ZN                        aon211d1       3 10.2  461  +310    2745 R 
add_73_46_g527__4319/B1                                    +0    2745   
add_73_46_g527__4319/ZN      oaim21d1       3 10.2  268  +269    3014 R 
add_73_46_g525__5107/B1                                    +0    3014   
add_73_46_g525__5107/ZN      oaim21d1       3 10.2  266  +250    3264 R 
add_73_46_g523__5477/B1                                    +0    3264   
add_73_46_g523__5477/ZN      oaim21d1       3 10.2  266  +250    3514 R 
add_73_46_g521__7410/B1                                    +0    3514   
add_73_46_g521__7410/ZN      oaim21d1       1 12.7  308  +269    3783 R 
add_73_46_g520__1666/CI                                    +0    3783   
add_73_46_g520__1666/S       ad01d1         1  2.9  134  +490    4273 F 
g2965__2802/B1                                             +0    4273   
g2965__2802/Z                aor22d1        1  2.0   72  +237    4510 F 
result_reg[14]/D        <<<  dfcrq1                        +0    4510   
result_reg[14]/CP            setup                  100  +157    4667 R 
- - - - - - - - - - - - - - - - - - - - - - - - - - - - - - - - - - - - 
(clock clk)                  capture                             5000 R 
------------------------------------------------------------------------
Timing slack :     333ps 
Start-point  : result_reg[0]/CP
End-point    : result_reg[14]/D

