###############################################################
#  Generated by:      Cadence Innovus 21.15-s110_1
#  OS:                Linux x86_64(Host ID ece.nitdgp.ac.in)
#  Generated on:      Thu Mar 26 19:33:44 2026
#  Design:            dvfs_tunable_multiplier
#  Command:           report_ccopt_skew_groups -summary -file ./ClockTreeReports_dvfs/dvfs_tunable_multiplier_skew_group.rpt
###############################################################

Skew Group Structure:
=====================

-----------------------------------------------------------------
Skew Group    Sources    Constrained Sinks    Unconstrained Sinks
-----------------------------------------------------------------
clk/all          1              48                     0
-----------------------------------------------------------------

Skew Group Summary:
===================

------------------------------------------------------------------------------------------------------------------------------------------------------------------
Timing Corner            Skew Group    ID Target    Min ID    Max ID    Avg ID    Std.Dev. ID    Skew Target Type    Skew Target    Skew     Skew window occupancy
------------------------------------------------------------------------------------------------------------------------------------------------------------------
max_delay:setup.early    clk/all           -        0.001     0.007     0.005        0.002       ignored                  -         0.006              -
max_delay:setup.late     clk/all       none         0.001     0.006     0.005        0.002       auto computed        0.488         0.006    100% {0.001, 0.006}
min_delay:hold.early     clk/all           -        0.001     0.007     0.005        0.002       ignored                  -         0.006              -
min_delay:hold.late      clk/all           -        0.001     0.006     0.005        0.002       explicit             0.500         0.006    100% {0.001, 0.006}
------------------------------------------------------------------------------------------------------------------------------------------------------------------

* - indicates that target was not met.

Skew Group Min/Max path pins:
=============================

---------------------------------------------------------------------------
Timing Corner            Skew Group    Min ID    PathID    Max ID    PathID
---------------------------------------------------------------------------
max_delay:setup.early    clk/all       0.001       -       0.007       -
-    min cycle_count_reg[3]/CP
-    max result_reg[5]/CP
max_delay:setup.late     clk/all       0.001       -       0.006       -
-    min div_counter_reg[2]/CP
-    max result_reg[5]/CP
min_delay:hold.early     clk/all       0.001       -       0.007       -
-    min cycle_count_reg[3]/CP
-    max result_reg[5]/CP
min_delay:hold.late      clk/all       0.001       -       0.006       -
-    min div_counter_reg[2]/CP
-    max result_reg[5]/CP
---------------------------------------------------------------------------

