*** timeDesign #4 [begin] : totSession cpu/real = 0:02:07.0/0:21:51.2 (0.1), mem = 2378.6M
Start to check current routing status for nets...
All nets are already routed correctly.
End to check current routing status for nets (mem=2345.9M)
Starting delay calculation for Hold views
AAE_INFO: opIsDesignInPostRouteState() is 0
#################################################################################
# Design Stage: PreRoute
# Design Name: dvfs_tunable_multiplier
# Design Mode: 90nm
# Analysis Mode: MMMC OCV 
# Parasitics Mode: No SPEF/RCDB 
# Signoff Settings: SI Off 
#################################################################################
Start delay calculation (fullDC) (1 T). (MEM=2357.45)
*** Calculating scaling factor for min_timing libraries using the default operating condition of each library.
Total number of fetched objects 275
AAE_INFO: Total number of nets for which stage creation was skipped for all views 0
Total number of fetched objects 275
AAE_INFO: Total number of nets for which stage creation was skipped for all views 0
End delay calculation. (MEM=2407.61 CPU=0:00:00.0 REAL=0:00:00.0)
End delay calculation (fullDC). (MEM=2407.61 CPU=0:00:00.0 REAL=0:00:00.0)
*** Done Building Timing Graph (cpu=0:00:00.1 real=0:00:00.0 totSessionCpu=0:02:07 mem=2415.6M)

------------------------------------------------------------------
          timeDesign Summary
------------------------------------------------------------------

Hold views included:
 best 

+--------------------+---------+---------+---------+
|     Hold mode      |   all   | reg2reg | default |
+--------------------+---------+---------+---------+
|           WNS (ns):|  0.161  |  0.221  |  0.161  |
|           TNS (ns):|  0.000  |  0.000  |  0.000  |
|    Violating Paths:|    0    |    0    |    0    |
|          All Paths:|   90    |   48    |   87    |
+--------------------+---------+---------+---------+

Density: 0.358%
Routing Overflow: 0.00% H and 0.00% V
------------------------------------------------------------------
Reported timing to dir ./timingReports
Total CPU time: 0.33 sec
Total Real time: 1.0 sec
Total Memory Usage: 2331.878906 Mbytes
