*** timeDesign #3 [begin] : totSession cpu/real = 0:02:06.9/0:21:50.2 (0.1), mem = 2463.5M
Start to check current routing status for nets...
All nets are already routed correctly.
End to check current routing status for nets (mem=2423.5M)

------------------------------------------------------------------
          timeDesign Summary
------------------------------------------------------------------

Setup views included:
 worst 

+--------------------+---------+---------+---------+
|     Setup mode     |   all   | reg2reg | default |
+--------------------+---------+---------+---------+
|           WNS (ns):|  0.270  |  0.270  |  1.827  |
|           TNS (ns):|  0.000  |  0.000  |  0.000  |
|    Violating Paths:|    0    |    0    |    0    |
|          All Paths:|   90    |   48    |   87    |
+--------------------+---------+---------+---------+

+----------------+-------------------------------+------------------+
|                |              Real             |       Total      |
|    DRVs        +------------------+------------+------------------|
|                |  Nr nets(terms)  | Worst Vio  |  Nr nets(terms)  |
+----------------+------------------+------------+------------------+
|   max_cap      |      0 (0)       |   0.000    |      0 (0)       |
|   max_tran     |      0 (0)       |   0.000    |      0 (0)       |
|   max_fanout   |      0 (0)       |     0      |      0 (0)       |
|   max_length   |      0 (0)       |     0      |      0 (0)       |
+----------------+------------------+------------+------------------+

Density: 0.358%
Routing Overflow: 0.00% H and 0.00% V
------------------------------------------------------------------
Reported timing to dir ./timingReports
Total CPU time: 0.17 sec
Total Real time: 1.0 sec
Total Memory Usage: 2378.632812 Mbytes
